#! /usr/bin/vvp
:ivl_version "11.0 (stable)";
:ivl_delay_selection "TYPICAL";
:vpi_time_precision - 10;
:vpi_module "/usr/lib/x86_64-linux-gnu/ivl/system.vpi";
:vpi_module "/usr/lib/x86_64-linux-gnu/ivl/vhdl_sys.vpi";
:vpi_module "/usr/lib/x86_64-linux-gnu/ivl/vhdl_textio.vpi";
:vpi_module "/usr/lib/x86_64-linux-gnu/ivl/v2005_math.vpi";
:vpi_module "/usr/lib/x86_64-linux-gnu/ivl/va_math.vpi";
S_0x5612a5d185a0 .scope module, "fsm_tb" "fsm_tb" 2 3;
 .timescale -9 -10;
v0x5612a5d2ff60_0 .var "clk", 0 0;
v0x5612a5d30050_0 .var "input_sig", 0 0;
v0x5612a5d30120_0 .net "out", 0 0, L_0x5612a5d302f0;  1 drivers
v0x5612a5d30220_0 .var "rst", 0 0;
S_0x5612a5d18730 .scope module, "dut" "fsm" 2 8, 3 3 0, S_0x5612a5d185a0;
 .timescale -9 -10;
    .port_info 0 /INPUT 1 "clk";
    .port_info 1 /INPUT 1 "rst";
    .port_info 2 /INPUT 1 "input_sig";
    .port_info 3 /OUTPUT 1 "out";
P_0x5612a5d06550 .param/l "S0" 0 3 5, +C4<00000000000000000000000000000000>;
P_0x5612a5d06590 .param/l "S1" 0 3 5, +C4<00000000000000000000000000000001>;
P_0x5612a5d065d0 .param/l "S2" 0 3 5, +C4<00000000000000000000000000000010>;
P_0x5612a5d06610 .param/l "S3" 0 3 5, +C4<00000000000000000000000000000011>;
v0x5612a5d073e0_0 .net "clk", 0 0, v0x5612a5d2ff60_0;  1 drivers
v0x5612a5d2fa80_0 .net "input_sig", 0 0, v0x5612a5d30050_0;  1 drivers
v0x5612a5d2fb40_0 .var "next_state", 3 0;
v0x5612a5d2fc30_0 .net "out", 0 0, L_0x5612a5d302f0;  alias, 1 drivers
v0x5612a5d2fcf0_0 .net "rst", 0 0, v0x5612a5d30220_0;  1 drivers
v0x5612a5d2fe00_0 .var "state", 3 0;
E_0x5612a5d18e50 .event edge, v0x5612a5d2fa80_0, v0x5612a5d2fe00_0;
E_0x5612a5d195e0 .event posedge, v0x5612a5d2fcf0_0, v0x5612a5d073e0_0;
L_0x5612a5d302f0 .part v0x5612a5d2fe00_0, 3, 1;
    .scope S_0x5612a5d18730;
T_0 ;
    %wait E_0x5612a5d195e0;
    %load/vec4 v0x5612a5d2fcf0_0;
    %flag_set/vec4 8;
    %jmp/0xz  T_0.0, 8;
    %pushi/vec4 1, 0, 4;
    %assign/vec4 v0x5612a5d2fe00_0, 10;
    %jmp T_0.1;
T_0.0 ;
    %load/vec4 v0x5612a5d2fb40_0;
    %assign/vec4 v0x5612a5d2fe00_0, 10;
T_0.1 ;
    %jmp T_0;
    .thread T_0;
    .scope S_0x5612a5d18730;
T_1 ;
    %wait E_0x5612a5d18e50;
    %pushi/vec4 0, 0, 4;
    %store/vec4 v0x5612a5d2fb40_0, 0, 4;
    %pushi/vec4 1, 0, 1;
    %dup/vec4;
    %load/vec4 v0x5612a5d2fe00_0;
    %parti/s 1, 0, 2;
    %cmp/u;
    %jmp/1 T_1.0, 6;
    %dup/vec4;
    %load/vec4 v0x5612a5d2fe00_0;
    %parti/s 1, 1, 2;
    %cmp/u;
    %jmp/1 T_1.1, 6;
    %dup/vec4;
    %load/vec4 v0x5612a5d2fe00_0;
    %parti/s 1, 2, 3;
    %cmp/u;
    %jmp/1 T_1.2, 6;
    %dup/vec4;
    %load/vec4 v0x5612a5d2fe00_0;
    %parti/s 1, 3, 3;
    %cmp/u;
    %jmp/1 T_1.3, 6;
    %pushi/vec4 1, 0, 1;
    %ix/load 4, 0, 0;
    %flag_set/imm 4, 0;
    %store/vec4 v0x5612a5d2fb40_0, 4, 1;
    %jmp T_1.5;
T_1.0 ;
    %load/vec4 v0x5612a5d2fa80_0;
    %flag_set/vec4 8;
    %jmp/0xz  T_1.6, 8;
    %pushi/vec4 1, 0, 1;
    %ix/load 4, 1, 0;
    %flag_set/imm 4, 0;
    %store/vec4 v0x5612a5d2fb40_0, 4, 1;
    %jmp T_1.7;
T_1.6 ;
    %pushi/vec4 1, 0, 1;
    %ix/load 4, 0, 0;
    %flag_set/imm 4, 0;
    %store/vec4 v0x5612a5d2fb40_0, 4, 1;
T_1.7 ;
    %jmp T_1.5;
T_1.1 ;
    %load/vec4 v0x5612a5d2fa80_0;
    %flag_set/vec4 8;
    %jmp/0xz  T_1.8, 8;
    %pushi/vec4 1, 0, 1;
    %ix/load 4, 2, 0;
    %flag_set/imm 4, 0;
    %store/vec4 v0x5612a5d2fb40_0, 4, 1;
    %jmp T_1.9;
T_1.8 ;
    %pushi/vec4 1, 0, 1;
    %ix/load 4, 0, 0;
    %flag_set/imm 4, 0;
    %store/vec4 v0x5612a5d2fb40_0, 4, 1;
T_1.9 ;
    %jmp T_1.5;
T_1.2 ;
    %load/vec4 v0x5612a5d2fa80_0;
    %nor/r;
    %flag_set/vec4 8;
    %jmp/0xz  T_1.10, 8;
    %pushi/vec4 1, 0, 1;
    %ix/load 4, 3, 0;
    %flag_set/imm 4, 0;
    %store/vec4 v0x5612a5d2fb40_0, 4, 1;
    %jmp T_1.11;
T_1.10 ;
    %pushi/vec4 1, 0, 1;
    %ix/load 4, 2, 0;
    %flag_set/imm 4, 0;
    %store/vec4 v0x5612a5d2fb40_0, 4, 1;
T_1.11 ;
    %jmp T_1.5;
T_1.3 ;
    %load/vec4 v0x5612a5d2fa80_0;
    %flag_set/vec4 8;
    %jmp/0xz  T_1.12, 8;
    %pushi/vec4 1, 0, 1;
    %ix/load 4, 1, 0;
    %flag_set/imm 4, 0;
    %store/vec4 v0x5612a5d2fb40_0, 4, 1;
    %jmp T_1.13;
T_1.12 ;
    %pushi/vec4 1, 0, 1;
    %ix/load 4, 0, 0;
    %flag_set/imm 4, 0;
    %store/vec4 v0x5612a5d2fb40_0, 4, 1;
T_1.13 ;
    %jmp T_1.5;
T_1.5 ;
    %pop/vec4 1;
    %jmp T_1;
    .thread T_1, $push;
    .scope S_0x5612a5d185a0;
T_2 ;
    %vpi_call 2 16 "$dumpfile", "wave.vcd" {0 0 0};
    %vpi_call 2 17 "$dumpvars", 32'sb00000000000000000000000000000000, S_0x5612a5d185a0 {0 0 0};
    %end;
    .thread T_2;
    .scope S_0x5612a5d185a0;
T_3 ;
    %pushi/vec4 0, 0, 1;
    %store/vec4 v0x5612a5d2ff60_0, 0, 1;
    %pushi/vec4 20, 0, 32;
T_3.0 %dup/vec4;
    %pushi/vec4 0, 0, 32;
    %cmp/s;
    %jmp/1xz T_3.1, 5;
    %jmp/1 T_3.1, 4;
    %pushi/vec4 1, 0, 32;
    %sub;
    %delay 50, 0;
    %load/vec4 v0x5612a5d2ff60_0;
    %inv;
    %store/vec4 v0x5612a5d2ff60_0, 0, 1;
    %jmp T_3.0;
T_3.1 ;
    %pop/vec4 1;
    %end;
    .thread T_3;
    .scope S_0x5612a5d185a0;
T_4 ;
    %pushi/vec4 1, 0, 1;
    %store/vec4 v0x5612a5d30220_0, 0, 1;
    %pushi/vec4 0, 0, 1;
    %store/vec4 v0x5612a5d30050_0, 0, 1;
    %delay 100, 0;
    %pushi/vec4 0, 0, 1;
    %store/vec4 v0x5612a5d30220_0, 0, 1;
    %end;
    .thread T_4;
    .scope S_0x5612a5d185a0;
T_5 ;
    %delay 200, 0;
    %pushi/vec4 1, 0, 1;
    %store/vec4 v0x5612a5d30050_0, 0, 1;
    %delay 100, 0;
    %pushi/vec4 1, 0, 1;
    %store/vec4 v0x5612a5d30050_0, 0, 1;
    %delay 100, 0;
    %pushi/vec4 0, 0, 1;
    %store/vec4 v0x5612a5d30050_0, 0, 1;
    %end;
    .thread T_5;
# The file index is used to find the file name in the following table.
:file_names 4;
    "N/A";
    "<interactive>";
    "fsm_tb.v";
    "fsm.v";
