#! /usr/bin/vvp
:ivl_version "11.0 (stable)";
:ivl_delay_selection "TYPICAL";
:vpi_time_precision - 10;
:vpi_module "/usr/lib/x86_64-linux-gnu/ivl/system.vpi";
:vpi_module "/usr/lib/x86_64-linux-gnu/ivl/vhdl_sys.vpi";
:vpi_module "/usr/lib/x86_64-linux-gnu/ivl/vhdl_textio.vpi";
:vpi_module "/usr/lib/x86_64-linux-gnu/ivl/v2005_math.vpi";
:vpi_module "/usr/lib/x86_64-linux-gnu/ivl/va_math.vpi";
S_0x55f054c6d3b0 .scope module, "test_tb" "test_tb" 2 2;
 .timescale -9 -10;
v0x55f054c86d30_0 .var "A", 2 0;
v0x55f054c86e10_0 .var "B", 2 0;
v0x55f054c86ee0_0 .net "Z", 2 0, v0x55f054c86900_0;  1 drivers
v0x55f054c86fe0_0 .var "Zexpected", 2 0;
v0x55f054c87080_0 .var "clk", 0 0;
v0x55f054c87170_0 .var "errors", 31 0;
v0x55f054c87230_0 .var "op", 1 0;
v0x55f054c87320_0 .var "rst", 0 0;
v0x55f054c873f0 .array "testvectors", 0 10000, 10 0;
v0x55f054c87490_0 .var "vectornum", 31 0;
S_0x55f054c6d540 .scope module, "test" "test" 2 11, 3 1 0, S_0x55f054c6d3b0;
 .timescale 0 0;
    .port_info 0 /INPUT 1 "clk";
    .port_info 1 /INPUT 1 "rst";
    .port_info 2 /INPUT 2 "op";
    .port_info 3 /INPUT 3 "A";
    .port_info 4 /INPUT 3 "B";
    .port_info 5 /OUTPUT 3 "Z";
v0x55f054c31cf0_0 .net "A", 2 0, v0x55f054c86d30_0;  1 drivers
v0x55f054c86820_0 .net "B", 2 0, v0x55f054c86e10_0;  1 drivers
v0x55f054c86900_0 .var "Z", 2 0;
v0x55f054c869c0_0 .net "clk", 0 0, v0x55f054c87080_0;  1 drivers
v0x55f054c86a80_0 .net "op", 1 0, v0x55f054c87230_0;  1 drivers
v0x55f054c86bb0_0 .net "rst", 0 0, v0x55f054c87320_0;  1 drivers
E_0x55f054c6a9e0/0 .event negedge, v0x55f054c86bb0_0;
E_0x55f054c6a9e0/1 .event posedge, v0x55f054c869c0_0;
E_0x55f054c6a9e0 .event/or E_0x55f054c6a9e0/0, E_0x55f054c6a9e0/1;
    .scope S_0x55f054c6d540;
T_0 ;
    %wait E_0x55f054c6a9e0;
    %load/vec4 v0x55f054c86bb0_0;
    %inv;
    %flag_set/vec4 8;
    %jmp/0xz  T_0.0, 8;
    %pushi/vec4 0, 0, 3;
    %assign/vec4 v0x55f054c86900_0, 0;
    %jmp T_0.1;
T_0.0 ;
    %load/vec4 v0x55f054c86a80_0;
    %dup/vec4;
    %pushi/vec4 0, 0, 2;
    %cmp/u;
    %jmp/1 T_0.2, 6;
    %dup/vec4;
    %pushi/vec4 1, 0, 2;
    %cmp/u;
    %jmp/1 T_0.3, 6;
    %dup/vec4;
    %pushi/vec4 2, 0, 2;
    %cmp/u;
    %jmp/1 T_0.4, 6;
    %dup/vec4;
    %pushi/vec4 3, 0, 2;
    %cmp/u;
    %jmp/1 T_0.5, 6;
    %jmp T_0.6;
T_0.2 ;
    %load/vec4 v0x55f054c31cf0_0;
    %load/vec4 v0x55f054c86820_0;
    %add;
    %assign/vec4 v0x55f054c86900_0, 0;
    %jmp T_0.6;
T_0.3 ;
    %load/vec4 v0x55f054c31cf0_0;
    %load/vec4 v0x55f054c86820_0;
    %sub;
    %assign/vec4 v0x55f054c86900_0, 0;
    %jmp T_0.6;
T_0.4 ;
    %load/vec4 v0x55f054c31cf0_0;
    %load/vec4 v0x55f054c86820_0;
    %and;
    %assign/vec4 v0x55f054c86900_0, 0;
    %jmp T_0.6;
T_0.5 ;
    %load/vec4 v0x55f054c31cf0_0;
    %load/vec4 v0x55f054c86820_0;
    %or;
    %assign/vec4 v0x55f054c86900_0, 0;
    %jmp T_0.6;
T_0.6 ;
    %pop/vec4 1;
T_0.1 ;
    %jmp T_0;
    .thread T_0;
    .scope S_0x55f054c6d3b0;
T_1 ;
    %pushi/vec4 0, 0, 1;
    %store/vec4 v0x55f054c87080_0, 0, 1;
    %pushi/vec4 1, 0, 1;
    %store/vec4 v0x55f054c87320_0, 0, 1;
    %vpi_call 2 17 "$dumpfile", "dump.vcd" {0 0 0};
    %vpi_call 2 18 "$dumpvars" {0 0 0};
    %end;
    .thread T_1;
    .scope S_0x55f054c6d3b0;
T_2 ;
    %pushi/vec4 0, 0, 1;
    %store/vec4 v0x55f054c87080_0, 0, 1;
    %pushi/vec4 20, 0, 32;
T_2.0 %dup/vec4;
    %pushi/vec4 0, 0, 32;
    %cmp/s;
    %jmp/1xz T_2.1, 5;
    %jmp/1 T_2.1, 4;
    %pushi/vec4 1, 0, 32;
    %sub;
    %delay 10, 0;
    %load/vec4 v0x55f054c87080_0;
    %inv;
    %store/vec4 v0x55f054c87080_0, 0, 1;
    %jmp T_2.0;
T_2.1 ;
    %pop/vec4 1;
    %end;
    .thread T_2;
    .scope S_0x55f054c6d3b0;
T_3 ;
    %vpi_call 2 31 "$readmemb", "example.tv", v0x55f054c873f0 {0 0 0};
    %pushi/vec4 0, 0, 32;
    %store/vec4 v0x55f054c87490_0, 0, 32;
    %pushi/vec4 0, 0, 32;
    %store/vec4 v0x55f054c87170_0, 0, 32;
    %pushi/vec4 10, 0, 32;
T_3.0 %dup/vec4;
    %pushi/vec4 0, 0, 32;
    %cmp/s;
    %jmp/1xz T_3.1, 5;
    %jmp/1 T_3.1, 4;
    %pushi/vec4 1, 0, 32;
    %sub;
    %delay 10, 0;
    %ix/getv 4, v0x55f054c87490_0;
    %load/vec4a v0x55f054c873f0, 4;
    %split/vec4 3;
    %store/vec4 v0x55f054c86fe0_0, 0, 3;
    %split/vec4 3;
    %store/vec4 v0x55f054c86e10_0, 0, 3;
    %split/vec4 3;
    %store/vec4 v0x55f054c86d30_0, 0, 3;
    %store/vec4 v0x55f054c87230_0, 0, 2;
    %delay 10, 0;
    %load/vec4 v0x55f054c86ee0_0;
    %load/vec4 v0x55f054c86fe0_0;
    %cmp/ne;
    %jmp/0xz  T_3.2, 6;
    %load/vec4 v0x55f054c87230_0;
    %load/vec4 v0x55f054c86d30_0;
    %concat/vec4; draw_concat_vec4
    %load/vec4 v0x55f054c86e10_0;
    %concat/vec4; draw_concat_vec4
    %vpi_call 2 38 "$display", "Error: inputs = %b", S<0,vec4,u8> {1 0 0};
    %vpi_call 2 39 "$display", "  outputs     = %b (%b expected)", v0x55f054c86ee0_0, v0x55f054c86fe0_0 {0 0 0};
    %load/vec4 v0x55f054c87170_0;
    %addi 1, 0, 32;
    %store/vec4 v0x55f054c87170_0, 0, 32;
T_3.2 ;
    %load/vec4 v0x55f054c87490_0;
    %addi 1, 0, 32;
    %store/vec4 v0x55f054c87490_0, 0, 32;
    %ix/getv 4, v0x55f054c87490_0;
    %load/vec4a v0x55f054c873f0, 4;
    %cmpi/e 1023, 1023, 11;
    %jmp/0xz  T_3.4, 6;
    %vpi_call 2 45 "$display", "%d tests completed with %d errors", v0x55f054c87490_0, v0x55f054c87170_0 {0 0 0};
    %delay 100, 0;
    %vpi_call 2 46 "$stop" {0 0 0};
T_3.4 ;
    %jmp T_3.0;
T_3.1 ;
    %pop/vec4 1;
    %end;
    .thread T_3;
# The file index is used to find the file name in the following table.
:file_names 4;
    "N/A";
    "<interactive>";
    "test_tb.v";
    "test.v";
